<?xml version="1.0" encoding="UTF-8"?>
<testng-results ignored="0" total="1" passed="1" failed="0" skipped="0">
  <reporter-output>
  </reporter-output>
  <suite started-at="2021-11-12T14:26:53 IST" name="Default suite" finished-at="2021-11-12T14:26:53 IST" duration-ms="45">
    <groups>
    </groups>
    <test started-at="2021-11-12T14:26:53 IST" name="Default test" finished-at="2021-11-12T14:26:53 IST" duration-ms="45">
      <class name="gitPractice.Demo2">
        <test-method signature="demo()[pri:0, instance:gitPractice.Demo2@34f7cfd9]" started-at="2021-11-12T14:26:53 IST" name="demo" finished-at="2021-11-12T14:26:53 IST" duration-ms="10" status="PASS">
          <reporter-output>
          </reporter-output>
        </test-method> <!-- demo -->
      </class> <!-- gitPractice.Demo2 -->
    </test> <!-- Default test -->
  </suite> <!-- Default suite -->
</testng-results>
